[2022-08-03 17:19:27] local.ERROR: file_put_contents(D:\Laravel project\poswebsite\storage\framework/sessions/hnifXRA81XxBgyBaZ1XsScixXl49tO7JICxcloS6): failed to open stream: No such file or directory {"exception":"[object] (ErrorException(code: 0): file_put_contents(D:\\Laravel project\\poswebsite\\storage\\framework/sessions/hnifXRA81XxBgyBaZ1XsScixXl49tO7JICxcloS6): failed to open stream: No such file or directory at /Users/muqtadirulmajid/Development/Laravel/poswebsite/vendor/laravel/framework/src/Illuminate/Filesystem/Filesystem.php:133)
[stacktrace]
#0 [internal function]: Illuminate\\Foundation\\Bootstrap\\HandleExceptions->handleError(2, 'file_put_conten...', '/Users/muqtadir...', 133, Array)
#1 /Users/muqtadirulmajid/Development/Laravel/poswebsite/vendor/laravel/framework/src/Illuminate/Filesystem/Filesystem.php(133): file_put_contents('D:\\\\Laravel proj...', 'a:4:{s:6:\"_toke...', 2)
#2 /Users/muqtadirulmajid/Development/Laravel/poswebsite/vendor/laravel/framework/src/Illuminate/Session/FileSessionHandler.php(83): Illuminate\\Filesystem\\Filesystem->put('D:\\\\Laravel proj...', 'a:4:{s:6:\"_toke...', true)
#3 /Users/muqtadirulmajid/Development/Laravel/poswebsite/vendor/laravel/framework/src/Illuminate/Session/Store.php(129): Illuminate\\Session\\FileSessionHandler->write('hnifXRA81XxBgyB...', 'a:4:{s:6:\"_toke...')
#4 /Users/muqtadirulmajid/Development/Laravel/poswebsite/vendor/laravel/framework/src/Illuminate/Session/Middleware/StartSession.php(170): Illuminate\\Session\\Store->save()
#5 /Users/muqtadirulmajid/Development/Laravel/poswebsite/vendor/laravel/framework/src/Illuminate/Session/Middleware/StartSession.php(65): Illuminate\\Session\\Middleware\\StartSession->saveSession(Object(Illuminate\\Http\\Request))
#6 /Users/muqtadirulmajid/Development/Laravel/poswebsite/vendor/laravel/framework/src/Illuminate/Pipeline/Pipeline.php(171): Illuminate\\Session\\Middleware\\StartSession->handle(Object(Illuminate\\Http\\Request), Object(Closure))
#7 /Users/muqtadirulmajid/Development/Laravel/poswebsite/vendor/laravel/framework/src/Illuminate/Cookie/Middleware/AddQueuedCookiesToResponse.php(37): Illuminate\\Pipeline\\Pipeline->Illuminate\\Pipeline\\{closure}(Object(Illuminate\\Http\\Request))
#8 /Users/muqtadirulmajid/Development/Laravel/poswebsite/vendor/laravel/framework/src/Illuminate/Pipeline/Pipeline.php(171): Illuminate\\Cookie\\Middleware\\AddQueuedCookiesToResponse->handle(Object(Illuminate\\Http\\Request), Object(Closure))
#9 /Users/muqtadirulmajid/Development/Laravel/poswebsite/vendor/laravel/framework/src/Illuminate/Cookie/Middleware/EncryptCookies.php(67): Illuminate\\Pipeline\\Pipeline->Illuminate\\Pipeline\\{closure}(Object(Illuminate\\Http\\Request))
#10 /Users/muqtadirulmajid/Development/Laravel/poswebsite/vendor/laravel/framework/src/Illuminate/Pipeline/Pipeline.php(171): Illuminate\\Cookie\\Middleware\\EncryptCookies->handle(Object(Illuminate\\Http\\Request), Object(Closure))
#11 /Users/muqtadirulmajid/Development/Laravel/poswebsite/vendor/laravel/framework/src/Illuminate/Pipeline/Pipeline.php(105): Illuminate\\Pipeline\\Pipeline->Illuminate\\Pipeline\\{closure}(Object(Illuminate\\Http\\Request))
#12 /Users/muqtadirulmajid/Development/Laravel/poswebsite/vendor/laravel/framework/src/Illuminate/Routing/Router.php(683): Illuminate\\Pipeline\\Pipeline->then(Object(Closure))
#13 /Users/muqtadirulmajid/Development/Laravel/poswebsite/vendor/laravel/framework/src/Illuminate/Routing/Router.php(658): Illuminate\\Routing\\Router->runRouteWithinStack(Object(Illuminate\\Routing\\Route), Object(Illuminate\\Http\\Request))
#14 /Users/muqtadirulmajid/Development/Laravel/poswebsite/vendor/laravel/framework/src/Illuminate/Routing/Router.php(624): Illuminate\\Routing\\Router->runRoute(Object(Illuminate\\Http\\Request), Object(Illuminate\\Routing\\Route))
#15 /Users/muqtadirulmajid/Development/Laravel/poswebsite/vendor/laravel/framework/src/Illuminate/Routing/Router.php(613): Illuminate\\Routing\\Router->dispatchToRoute(Object(Illuminate\\Http\\Request))
#16 /Users/muqtadirulmajid/Development/Laravel/poswebsite/vendor/laravel/framework/src/Illuminate/Foundation/Http/Kernel.php(170): Illuminate\\Routing\\Router->dispatch(Object(Illuminate\\Http\\Request))
#17 /Users/muqtadirulmajid/Development/Laravel/poswebsite/vendor/laravel/framework/src/Illuminate/Pipeline/Pipeline.php(130): Illuminate\\Foundation\\Http\\Kernel->Illuminate\\Foundation\\Http\\{closure}(Object(Illuminate\\Http\\Request))
#18 /Users/muqtadirulmajid/Development/Laravel/poswebsite/vendor/laravel/framework/src/Illuminate/Foundation/Http/Middleware/TransformsRequest.php(21): Illuminate\\Pipeline\\Pipeline->Illuminate\\Pipeline\\{closure}(Object(Illuminate\\Http\\Request))
#19 /Users/muqtadirulmajid/Development/Laravel/poswebsite/vendor/laravel/framework/src/Illuminate/Pipeline/Pipeline.php(171): Illuminate\\Foundation\\Http\\Middleware\\TransformsRequest->handle(Object(Illuminate\\Http\\Request), Object(Closure))
#20 /Users/muqtadirulmajid/Development/Laravel/poswebsite/vendor/laravel/framework/src/Illuminate/Foundation/Http/Middleware/TransformsRequest.php(21): Illuminate\\Pipeline\\Pipeline->Illuminate\\Pipeline\\{closure}(Object(Illuminate\\Http\\Request))
#21 /Users/muqtadirulmajid/Development/Laravel/poswebsite/vendor/laravel/framework/src/Illuminate/Pipeline/Pipeline.php(171): Illuminate\\Foundation\\Http\\Middleware\\TransformsRequest->handle(Object(Illuminate\\Http\\Request), Object(Closure))
#22 /Users/muqtadirulmajid/Development/Laravel/poswebsite/vendor/laravel/framework/src/Illuminate/Foundation/Http/Middleware/ValidatePostSize.php(27): Illuminate\\Pipeline\\Pipeline->Illuminate\\Pipeline\\{closure}(Object(Illuminate\\Http\\Request))
#23 /Users/muqtadirulmajid/Development/Laravel/poswebsite/vendor/laravel/framework/src/Illuminate/Pipeline/Pipeline.php(171): Illuminate\\Foundation\\Http\\Middleware\\ValidatePostSize->handle(Object(Illuminate\\Http\\Request), Object(Closure))
#24 /Users/muqtadirulmajid/Development/Laravel/poswebsite/vendor/laravel/framework/src/Illuminate/Foundation/Http/Middleware/CheckForMaintenanceMode.php(63): Illuminate\\Pipeline\\Pipeline->Illuminate\\Pipeline\\{closure}(Object(Illuminate\\Http\\Request))
#25 /Users/muqtadirulmajid/Development/Laravel/poswebsite/vendor/laravel/framework/src/Illuminate/Pipeline/Pipeline.php(171): Illuminate\\Foundation\\Http\\Middleware\\CheckForMaintenanceMode->handle(Object(Illuminate\\Http\\Request), Object(Closure))
#26 /Users/muqtadirulmajid/Development/Laravel/poswebsite/vendor/fideloper/proxy/src/TrustProxies.php(57): Illuminate\\Pipeline\\Pipeline->Illuminate\\Pipeline\\{closure}(Object(Illuminate\\Http\\Request))
#27 /Users/muqtadirulmajid/Development/Laravel/poswebsite/vendor/laravel/framework/src/Illuminate/Pipeline/Pipeline.php(171): Fideloper\\Proxy\\TrustProxies->handle(Object(Illuminate\\Http\\Request), Object(Closure))
#28 /Users/muqtadirulmajid/Development/Laravel/poswebsite/vendor/laravel/framework/src/Illuminate/Pipeline/Pipeline.php(105): Illuminate\\Pipeline\\Pipeline->Illuminate\\Pipeline\\{closure}(Object(Illuminate\\Http\\Request))
#29 /Users/muqtadirulmajid/Development/Laravel/poswebsite/vendor/laravel/framework/src/Illuminate/Foundation/Http/Kernel.php(145): Illuminate\\Pipeline\\Pipeline->then(Object(Closure))
#30 /Users/muqtadirulmajid/Development/Laravel/poswebsite/vendor/laravel/framework/src/Illuminate/Foundation/Http/Kernel.php(110): Illuminate\\Foundation\\Http\\Kernel->sendRequestThroughRouter(Object(Illuminate\\Http\\Request))
#31 /Users/muqtadirulmajid/Development/Laravel/poswebsite/public/index.php(55): Illuminate\\Foundation\\Http\\Kernel->handle(Object(Illuminate\\Http\\Request))
#32 /Users/muqtadirulmajid/Development/Laravel/poswebsite/server.php(21): require_once('/Users/muqtadir...')
#33 {main}
"} 
[2022-08-03 17:19:49] local.ERROR: SQLSTATE[HY000] [1045] Access denied for user 'root'@'localhost' (using password: NO) (SQL: select * from `general_settings` order by `created_at` desc limit 1) {"exception":"[object] (Illuminate\\Database\\QueryException(code: 1045): SQLSTATE[HY000] [1045] Access denied for user 'root'@'localhost' (using password: NO) (SQL: select * from `general_settings` order by `created_at` desc limit 1) at /Users/muqtadirulmajid/Development/Laravel/poswebsite/vendor/laravel/framework/src/Illuminate/Database/Connection.php:669)
[stacktrace]
#0 /Users/muqtadirulmajid/Development/Laravel/poswebsite/vendor/laravel/framework/src/Illuminate/Database/Connection.php(629): Illuminate\\Database\\Connection->runQueryCallback('select * from `...', Array, Object(Closure))
#1 /Users/muqtadirulmajid/Development/Laravel/poswebsite/vendor/laravel/framework/src/Illuminate/Database/Connection.php(338): Illuminate\\Database\\Connection->run('select * from `...', Array, Object(Closure))
#2 /Users/muqtadirulmajid/Development/Laravel/poswebsite/vendor/laravel/framework/src/Illuminate/Database/Query/Builder.php(2159): Illuminate\\Database\\Connection->select('select * from `...', Array, true)
#3 /Users/muqtadirulmajid/Development/Laravel/poswebsite/vendor/laravel/framework/src/Illuminate/Database/Query/Builder.php(2147): Illuminate\\Database\\Query\\Builder->runSelect()
#4 /Users/muqtadirulmajid/Development/Laravel/poswebsite/vendor/laravel/framework/src/Illuminate/Database/Query/Builder.php(2619): Illuminate\\Database\\Query\\Builder->Illuminate\\Database\\Query\\{closure}()
#5 /Users/muqtadirulmajid/Development/Laravel/poswebsite/vendor/laravel/framework/src/Illuminate/Database/Query/Builder.php(2148): Illuminate\\Database\\Query\\Builder->onceWithColumns(Array, Object(Closure))
#6 /Users/muqtadirulmajid/Development/Laravel/poswebsite/vendor/laravel/framework/src/Illuminate/Database/Concerns/BuildsQueries.php(143): Illuminate\\Database\\Query\\Builder->get(Array)
#7 /Users/muqtadirulmajid/Development/Laravel/poswebsite/app/Providers/AppServiceProvider.php(41): Illuminate\\Database\\Query\\Builder->first()
#8 /Users/muqtadirulmajid/Development/Laravel/poswebsite/vendor/laravel/framework/src/Illuminate/Container/BoundMethod.php(36): App\\Providers\\AppServiceProvider->boot()
#9 /Users/muqtadirulmajid/Development/Laravel/poswebsite/vendor/laravel/framework/src/Illuminate/Container/Util.php(37): Illuminate\\Container\\BoundMethod::Illuminate\\Container\\{closure}()
#10 /Users/muqtadirulmajid/Development/Laravel/poswebsite/vendor/laravel/framework/src/Illuminate/Container/BoundMethod.php(93): Illuminate\\Container\\Util::unwrapIfClosure(Object(Closure))
#11 /Users/muqtadirulmajid/Development/Laravel/poswebsite/vendor/laravel/framework/src/Illuminate/Container/BoundMethod.php(37): Illuminate\\Container\\BoundMethod::callBoundMethod(Object(Illuminate\\Foundation\\Application), Array, Object(Closure))
#12 /Users/muqtadirulmajid/Development/Laravel/poswebsite/vendor/laravel/framework/src/Illuminate/Container/Container.php(590): Illuminate\\Container\\BoundMethod::call(Object(Illuminate\\Foundation\\Application), Array, Array, NULL)
#13 /Users/muqtadirulmajid/Development/Laravel/poswebsite/vendor/laravel/framework/src/Illuminate/Foundation/Application.php(856): Illuminate\\Container\\Container->call(Array)
#14 /Users/muqtadirulmajid/Development/Laravel/poswebsite/vendor/laravel/framework/src/Illuminate/Foundation/Application.php(839): Illuminate\\Foundation\\Application->bootProvider(Object(App\\Providers\\AppServiceProvider))
#15 [internal function]: Illuminate\\Foundation\\Application->Illuminate\\Foundation\\{closure}(Object(App\\Providers\\AppServiceProvider), 26)
#16 /Users/muqtadirulmajid/Development/Laravel/poswebsite/vendor/laravel/framework/src/Illuminate/Foundation/Application.php(840): array_walk(Array, Object(Closure))
#17 /Users/muqtadirulmajid/Development/Laravel/poswebsite/vendor/laravel/framework/src/Illuminate/Foundation/Bootstrap/BootProviders.php(17): Illuminate\\Foundation\\Application->boot()
#18 /Users/muqtadirulmajid/Development/Laravel/poswebsite/vendor/laravel/framework/src/Illuminate/Foundation/Application.php(219): Illuminate\\Foundation\\Bootstrap\\BootProviders->bootstrap(Object(Illuminate\\Foundation\\Application))
#19 /Users/muqtadirulmajid/Development/Laravel/poswebsite/vendor/laravel/framework/src/Illuminate/Foundation/Http/Kernel.php(156): Illuminate\\Foundation\\Application->bootstrapWith(Array)
#20 /Users/muqtadirulmajid/Development/Laravel/poswebsite/vendor/laravel/framework/src/Illuminate/Foundation/Http/Kernel.php(140): Illuminate\\Foundation\\Http\\Kernel->bootstrap()
#21 /Users/muqtadirulmajid/Development/Laravel/poswebsite/vendor/laravel/framework/src/Illuminate/Foundation/Http/Kernel.php(110): Illuminate\\Foundation\\Http\\Kernel->sendRequestThroughRouter(Object(Illuminate\\Http\\Request))
#22 /Users/muqtadirulmajid/Development/Laravel/poswebsite/public/index.php(55): Illuminate\\Foundation\\Http\\Kernel->handle(Object(Illuminate\\Http\\Request))
#23 /Users/muqtadirulmajid/Development/Laravel/poswebsite/server.php(21): require_once('/Users/muqtadir...')
#24 {main}

[previous exception] [object] (Doctrine\\DBAL\\Driver\\PDO\\Exception(code: 1045): SQLSTATE[HY000] [1045] Access denied for user 'root'@'localhost' (using password: NO) at /Users/muqtadirulmajid/Development/Laravel/poswebsite/vendor/doctrine/dbal/lib/Doctrine/DBAL/Driver/PDO/Exception.php:18)
[stacktrace]
#0 /Users/muqtadirulmajid/Development/Laravel/poswebsite/vendor/doctrine/dbal/lib/Doctrine/DBAL/Driver/PDOConnection.php(44): Doctrine\\DBAL\\Driver\\PDO\\Exception::new(Object(PDOException))
#1 /Users/muqtadirulmajid/Development/Laravel/poswebsite/vendor/laravel/framework/src/Illuminate/Database/Connectors/Connector.php(67): Doctrine\\DBAL\\Driver\\PDOConnection->__construct('mysql:host=127....', 'root', '', Array)
#2 /Users/muqtadirulmajid/Development/Laravel/poswebsite/vendor/laravel/framework/src/Illuminate/Database/Connectors/Connector.php(46): Illuminate\\Database\\Connectors\\Connector->createPdoConnection('mysql:host=127....', 'root', '', Array)
#3 /Users/muqtadirulmajid/Development/Laravel/poswebsite/vendor/laravel/framework/src/Illuminate/Database/Connectors/MySqlConnector.php(24): Illuminate\\Database\\Connectors\\Connector->createConnection('mysql:host=127....', Array, Array)
#4 /Users/muqtadirulmajid/Development/Laravel/poswebsite/vendor/laravel/framework/src/Illuminate/Database/Connectors/ConnectionFactory.php(182): Illuminate\\Database\\Connectors\\MySqlConnector->connect(Array)
#5 [internal function]: Illuminate\\Database\\Connectors\\ConnectionFactory->Illuminate\\Database\\Connectors\\{closure}()
#6 /Users/muqtadirulmajid/Development/Laravel/poswebsite/vendor/laravel/framework/src/Illuminate/Database/Connection.php(924): call_user_func(Object(Closure))
#7 /Users/muqtadirulmajid/Development/Laravel/poswebsite/vendor/laravel/framework/src/Illuminate/Database/Connection.php(959): Illuminate\\Database\\Connection->getPdo()
#8 /Users/muqtadirulmajid/Development/Laravel/poswebsite/vendor/laravel/framework/src/Illuminate/Database/Connection.php(404): Illuminate\\Database\\Connection->getReadPdo()
#9 /Users/muqtadirulmajid/Development/Laravel/poswebsite/vendor/laravel/framework/src/Illuminate/Database/Connection.php(330): Illuminate\\Database\\Connection->getPdoForSelect(true)
#10 /Users/muqtadirulmajid/Development/Laravel/poswebsite/vendor/laravel/framework/src/Illuminate/Database/Connection.php(662): Illuminate\\Database\\Connection->Illuminate\\Database\\{closure}('select * from `...', Array)
#11 /Users/muqtadirulmajid/Development/Laravel/poswebsite/vendor/laravel/framework/src/Illuminate/Database/Connection.php(629): Illuminate\\Database\\Connection->runQueryCallback('select * from `...', Array, Object(Closure))
#12 /Users/muqtadirulmajid/Development/Laravel/poswebsite/vendor/laravel/framework/src/Illuminate/Database/Connection.php(338): Illuminate\\Database\\Connection->run('select * from `...', Array, Object(Closure))
#13 /Users/muqtadirulmajid/Development/Laravel/poswebsite/vendor/laravel/framework/src/Illuminate/Database/Query/Builder.php(2159): Illuminate\\Database\\Connection->select('select * from `...', Array, true)
#14 /Users/muqtadirulmajid/Development/Laravel/poswebsite/vendor/laravel/framework/src/Illuminate/Database/Query/Builder.php(2147): Illuminate\\Database\\Query\\Builder->runSelect()
#15 /Users/muqtadirulmajid/Development/Laravel/poswebsite/vendor/laravel/framework/src/Illuminate/Database/Query/Builder.php(2619): Illuminate\\Database\\Query\\Builder->Illuminate\\Database\\Query\\{closure}()
#16 /Users/muqtadirulmajid/Development/Laravel/poswebsite/vendor/laravel/framework/src/Illuminate/Database/Query/Builder.php(2148): Illuminate\\Database\\Query\\Builder->onceWithColumns(Array, Object(Closure))
#17 /Users/muqtadirulmajid/Development/Laravel/poswebsite/vendor/laravel/framework/src/Illuminate/Database/Concerns/BuildsQueries.php(143): Illuminate\\Database\\Query\\Builder->get(Array)
#18 /Users/muqtadirulmajid/Development/Laravel/poswebsite/app/Providers/AppServiceProvider.php(41): Illuminate\\Database\\Query\\Builder->first()
#19 /Users/muqtadirulmajid/Development/Laravel/poswebsite/vendor/laravel/framework/src/Illuminate/Container/BoundMethod.php(36): App\\Providers\\AppServiceProvider->boot()
#20 /Users/muqtadirulmajid/Development/Laravel/poswebsite/vendor/laravel/framework/src/Illuminate/Container/Util.php(37): Illuminate\\Container\\BoundMethod::Illuminate\\Container\\{closure}()
#21 /Users/muqtadirulmajid/Development/Laravel/poswebsite/vendor/laravel/framework/src/Illuminate/Container/BoundMethod.php(93): Illuminate\\Container\\Util::unwrapIfClosure(Object(Closure))
#22 /Users/muqtadirulmajid/Development/Laravel/poswebsite/vendor/laravel/framework/src/Illuminate/Container/BoundMethod.php(37): Illuminate\\Container\\BoundMethod::callBoundMethod(Object(Illuminate\\Foundation\\Application), Array, Object(Closure))
#23 /Users/muqtadirulmajid/Development/Laravel/poswebsite/vendor/laravel/framework/src/Illuminate/Container/Container.php(590): Illuminate\\Container\\BoundMethod::call(Object(Illuminate\\Foundation\\Application), Array, Array, NULL)
#24 /Users/muqtadirulmajid/Development/Laravel/poswebsite/vendor/laravel/framework/src/Illuminate/Foundation/Application.php(856): Illuminate\\Container\\Container->call(Array)
#25 /Users/muqtadirulmajid/Development/Laravel/poswebsite/vendor/laravel/framework/src/Illuminate/Foundation/Application.php(839): Illuminate\\Foundation\\Application->bootProvider(Object(App\\Providers\\AppServiceProvider))
#26 [internal function]: Illuminate\\Foundation\\Application->Illuminate\\Foundation\\{closure}(Object(App\\Providers\\AppServiceProvider), 26)
#27 /Users/muqtadirulmajid/Development/Laravel/poswebsite/vendor/laravel/framework/src/Illuminate/Foundation/Application.php(840): array_walk(Array, Object(Closure))
#28 /Users/muqtadirulmajid/Development/Laravel/poswebsite/vendor/laravel/framework/src/Illuminate/Foundation/Bootstrap/BootProviders.php(17): Illuminate\\Foundation\\Application->boot()
#29 /Users/muqtadirulmajid/Development/Laravel/poswebsite/vendor/laravel/framework/src/Illuminate/Foundation/Application.php(219): Illuminate\\Foundation\\Bootstrap\\BootProviders->bootstrap(Object(Illuminate\\Foundation\\Application))
#30 /Users/muqtadirulmajid/Development/Laravel/poswebsite/vendor/laravel/framework/src/Illuminate/Foundation/Http/Kernel.php(156): Illuminate\\Foundation\\Application->bootstrapWith(Array)
#31 /Users/muqtadirulmajid/Development/Laravel/poswebsite/vendor/laravel/framework/src/Illuminate/Foundation/Http/Kernel.php(140): Illuminate\\Foundation\\Http\\Kernel->bootstrap()
#32 /Users/muqtadirulmajid/Development/Laravel/poswebsite/vendor/laravel/framework/src/Illuminate/Foundation/Http/Kernel.php(110): Illuminate\\Foundation\\Http\\Kernel->sendRequestThroughRouter(Object(Illuminate\\Http\\Request))
#33 /Users/muqtadirulmajid/Development/Laravel/poswebsite/public/index.php(55): Illuminate\\Foundation\\Http\\Kernel->handle(Object(Illuminate\\Http\\Request))
#34 /Users/muqtadirulmajid/Development/Laravel/poswebsite/server.php(21): require_once('/Users/muqtadir...')
#35 {main}

[previous exception] [object] (PDOException(code: 1045): SQLSTATE[HY000] [1045] Access denied for user 'root'@'localhost' (using password: NO) at /Users/muqtadirulmajid/Development/Laravel/poswebsite/vendor/doctrine/dbal/lib/Doctrine/DBAL/Driver/PDOConnection.php:40)
[stacktrace]
#0 /Users/muqtadirulmajid/Development/Laravel/poswebsite/vendor/doctrine/dbal/lib/Doctrine/DBAL/Driver/PDOConnection.php(40): PDO->__construct('mysql:host=127....', 'root', '', Array)
#1 /Users/muqtadirulmajid/Development/Laravel/poswebsite/vendor/laravel/framework/src/Illuminate/Database/Connectors/Connector.php(67): Doctrine\\DBAL\\Driver\\PDOConnection->__construct('mysql:host=127....', 'root', '', Array)
#2 /Users/muqtadirulmajid/Development/Laravel/poswebsite/vendor/laravel/framework/src/Illuminate/Database/Connectors/Connector.php(46): Illuminate\\Database\\Connectors\\Connector->createPdoConnection('mysql:host=127....', 'root', '', Array)
#3 /Users/muqtadirulmajid/Development/Laravel/poswebsite/vendor/laravel/framework/src/Illuminate/Database/Connectors/MySqlConnector.php(24): Illuminate\\Database\\Connectors\\Connector->createConnection('mysql:host=127....', Array, Array)
#4 /Users/muqtadirulmajid/Development/Laravel/poswebsite/vendor/laravel/framework/src/Illuminate/Database/Connectors/ConnectionFactory.php(182): Illuminate\\Database\\Connectors\\MySqlConnector->connect(Array)
#5 [internal function]: Illuminate\\Database\\Connectors\\ConnectionFactory->Illuminate\\Database\\Connectors\\{closure}()
#6 /Users/muqtadirulmajid/Development/Laravel/poswebsite/vendor/laravel/framework/src/Illuminate/Database/Connection.php(924): call_user_func(Object(Closure))
#7 /Users/muqtadirulmajid/Development/Laravel/poswebsite/vendor/laravel/framework/src/Illuminate/Database/Connection.php(959): Illuminate\\Database\\Connection->getPdo()
#8 /Users/muqtadirulmajid/Development/Laravel/poswebsite/vendor/laravel/framework/src/Illuminate/Database/Connection.php(404): Illuminate\\Database\\Connection->getReadPdo()
#9 /Users/muqtadirulmajid/Development/Laravel/poswebsite/vendor/laravel/framework/src/Illuminate/Database/Connection.php(330): Illuminate\\Database\\Connection->getPdoForSelect(true)
#10 /Users/muqtadirulmajid/Development/Laravel/poswebsite/vendor/laravel/framework/src/Illuminate/Database/Connection.php(662): Illuminate\\Database\\Connection->Illuminate\\Database\\{closure}('select * from `...', Array)
#11 /Users/muqtadirulmajid/Development/Laravel/poswebsite/vendor/laravel/framework/src/Illuminate/Database/Connection.php(629): Illuminate\\Database\\Connection->runQueryCallback('select * from `...', Array, Object(Closure))
#12 /Users/muqtadirulmajid/Development/Laravel/poswebsite/vendor/laravel/framework/src/Illuminate/Database/Connection.php(338): Illuminate\\Database\\Connection->run('select * from `...', Array, Object(Closure))
#13 /Users/muqtadirulmajid/Development/Laravel/poswebsite/vendor/laravel/framework/src/Illuminate/Database/Query/Builder.php(2159): Illuminate\\Database\\Connection->select('select * from `...', Array, true)
#14 /Users/muqtadirulmajid/Development/Laravel/poswebsite/vendor/laravel/framework/src/Illuminate/Database/Query/Builder.php(2147): Illuminate\\Database\\Query\\Builder->runSelect()
#15 /Users/muqtadirulmajid/Development/Laravel/poswebsite/vendor/laravel/framework/src/Illuminate/Database/Query/Builder.php(2619): Illuminate\\Database\\Query\\Builder->Illuminate\\Database\\Query\\{closure}()
#16 /Users/muqtadirulmajid/Development/Laravel/poswebsite/vendor/laravel/framework/src/Illuminate/Database/Query/Builder.php(2148): Illuminate\\Database\\Query\\Builder->onceWithColumns(Array, Object(Closure))
#17 /Users/muqtadirulmajid/Development/Laravel/poswebsite/vendor/laravel/framework/src/Illuminate/Database/Concerns/BuildsQueries.php(143): Illuminate\\Database\\Query\\Builder->get(Array)
#18 /Users/muqtadirulmajid/Development/Laravel/poswebsite/app/Providers/AppServiceProvider.php(41): Illuminate\\Database\\Query\\Builder->first()
#19 /Users/muqtadirulmajid/Development/Laravel/poswebsite/vendor/laravel/framework/src/Illuminate/Container/BoundMethod.php(36): App\\Providers\\AppServiceProvider->boot()
#20 /Users/muqtadirulmajid/Development/Laravel/poswebsite/vendor/laravel/framework/src/Illuminate/Container/Util.php(37): Illuminate\\Container\\BoundMethod::Illuminate\\Container\\{closure}()
#21 /Users/muqtadirulmajid/Development/Laravel/poswebsite/vendor/laravel/framework/src/Illuminate/Container/BoundMethod.php(93): Illuminate\\Container\\Util::unwrapIfClosure(Object(Closure))
#22 /Users/muqtadirulmajid/Development/Laravel/poswebsite/vendor/laravel/framework/src/Illuminate/Container/BoundMethod.php(37): Illuminate\\Container\\BoundMethod::callBoundMethod(Object(Illuminate\\Foundation\\Application), Array, Object(Closure))
#23 /Users/muqtadirulmajid/Development/Laravel/poswebsite/vendor/laravel/framework/src/Illuminate/Container/Container.php(590): Illuminate\\Container\\BoundMethod::call(Object(Illuminate\\Foundation\\Application), Array, Array, NULL)
#24 /Users/muqtadirulmajid/Development/Laravel/poswebsite/vendor/laravel/framework/src/Illuminate/Foundation/Application.php(856): Illuminate\\Container\\Container->call(Array)
#25 /Users/muqtadirulmajid/Development/Laravel/poswebsite/vendor/laravel/framework/src/Illuminate/Foundation/Application.php(839): Illuminate\\Foundation\\Application->bootProvider(Object(App\\Providers\\AppServiceProvider))
#26 [internal function]: Illuminate\\Foundation\\Application->Illuminate\\Foundation\\{closure}(Object(App\\Providers\\AppServiceProvider), 26)
#27 /Users/muqtadirulmajid/Development/Laravel/poswebsite/vendor/laravel/framework/src/Illuminate/Foundation/Application.php(840): array_walk(Array, Object(Closure))
#28 /Users/muqtadirulmajid/Development/Laravel/poswebsite/vendor/laravel/framework/src/Illuminate/Foundation/Bootstrap/BootProviders.php(17): Illuminate\\Foundation\\Application->boot()
#29 /Users/muqtadirulmajid/Development/Laravel/poswebsite/vendor/laravel/framework/src/Illuminate/Foundation/Application.php(219): Illuminate\\Foundation\\Bootstrap\\BootProviders->bootstrap(Object(Illuminate\\Foundation\\Application))
#30 /Users/muqtadirulmajid/Development/Laravel/poswebsite/vendor/laravel/framework/src/Illuminate/Foundation/Http/Kernel.php(156): Illuminate\\Foundation\\Application->bootstrapWith(Array)
#31 /Users/muqtadirulmajid/Development/Laravel/poswebsite/vendor/laravel/framework/src/Illuminate/Foundation/Http/Kernel.php(140): Illuminate\\Foundation\\Http\\Kernel->bootstrap()
#32 /Users/muqtadirulmajid/Development/Laravel/poswebsite/vendor/laravel/framework/src/Illuminate/Foundation/Http/Kernel.php(110): Illuminate\\Foundation\\Http\\Kernel->sendRequestThroughRouter(Object(Illuminate\\Http\\Request))
#33 /Users/muqtadirulmajid/Development/Laravel/poswebsite/public/index.php(55): Illuminate\\Foundation\\Http\\Kernel->handle(Object(Illuminate\\Http\\Request))
#34 /Users/muqtadirulmajid/Development/Laravel/poswebsite/server.php(21): require_once('/Users/muqtadir...')
#35 {main}
"} 
[2022-08-03 17:20:27] local.ERROR: Undefined variable: general_setting {"exception":"[object] (ErrorException(code: 0): Undefined variable: general_setting at /Users/muqtadirulmajid/Development/Laravel/poswebsite/app/Providers/AppServiceProvider.php:42)
[stacktrace]
#0 /Users/muqtadirulmajid/Development/Laravel/poswebsite/app/Providers/AppServiceProvider.php(42): Illuminate\\Foundation\\Bootstrap\\HandleExceptions->handleError(8, 'Undefined varia...', '/Users/muqtadir...', 42, Array)
#1 /Users/muqtadirulmajid/Development/Laravel/poswebsite/vendor/laravel/framework/src/Illuminate/Container/BoundMethod.php(36): App\\Providers\\AppServiceProvider->boot()
#2 /Users/muqtadirulmajid/Development/Laravel/poswebsite/vendor/laravel/framework/src/Illuminate/Container/Util.php(37): Illuminate\\Container\\BoundMethod::Illuminate\\Container\\{closure}()
#3 /Users/muqtadirulmajid/Development/Laravel/poswebsite/vendor/laravel/framework/src/Illuminate/Container/BoundMethod.php(93): Illuminate\\Container\\Util::unwrapIfClosure(Object(Closure))
#4 /Users/muqtadirulmajid/Development/Laravel/poswebsite/vendor/laravel/framework/src/Illuminate/Container/BoundMethod.php(37): Illuminate\\Container\\BoundMethod::callBoundMethod(Object(Illuminate\\Foundation\\Application), Array, Object(Closure))
#5 /Users/muqtadirulmajid/Development/Laravel/poswebsite/vendor/laravel/framework/src/Illuminate/Container/Container.php(590): Illuminate\\Container\\BoundMethod::call(Object(Illuminate\\Foundation\\Application), Array, Array, NULL)
#6 /Users/muqtadirulmajid/Development/Laravel/poswebsite/vendor/laravel/framework/src/Illuminate/Foundation/Application.php(856): Illuminate\\Container\\Container->call(Array)
#7 /Users/muqtadirulmajid/Development/Laravel/poswebsite/vendor/laravel/framework/src/Illuminate/Foundation/Application.php(839): Illuminate\\Foundation\\Application->bootProvider(Object(App\\Providers\\AppServiceProvider))
#8 [internal function]: Illuminate\\Foundation\\Application->Illuminate\\Foundation\\{closure}(Object(App\\Providers\\AppServiceProvider), 26)
#9 /Users/muqtadirulmajid/Development/Laravel/poswebsite/vendor/laravel/framework/src/Illuminate/Foundation/Application.php(840): array_walk(Array, Object(Closure))
#10 /Users/muqtadirulmajid/Development/Laravel/poswebsite/vendor/laravel/framework/src/Illuminate/Foundation/Bootstrap/BootProviders.php(17): Illuminate\\Foundation\\Application->boot()
#11 /Users/muqtadirulmajid/Development/Laravel/poswebsite/vendor/laravel/framework/src/Illuminate/Foundation/Application.php(219): Illuminate\\Foundation\\Bootstrap\\BootProviders->bootstrap(Object(Illuminate\\Foundation\\Application))
#12 /Users/muqtadirulmajid/Development/Laravel/poswebsite/vendor/laravel/framework/src/Illuminate/Foundation/Http/Kernel.php(156): Illuminate\\Foundation\\Application->bootstrapWith(Array)
#13 /Users/muqtadirulmajid/Development/Laravel/poswebsite/vendor/laravel/framework/src/Illuminate/Foundation/Http/Kernel.php(140): Illuminate\\Foundation\\Http\\Kernel->bootstrap()
#14 /Users/muqtadirulmajid/Development/Laravel/poswebsite/vendor/laravel/framework/src/Illuminate/Foundation/Http/Kernel.php(110): Illuminate\\Foundation\\Http\\Kernel->sendRequestThroughRouter(Object(Illuminate\\Http\\Request))
#15 /Users/muqtadirulmajid/Development/Laravel/poswebsite/public/index.php(55): Illuminate\\Foundation\\Http\\Kernel->handle(Object(Illuminate\\Http\\Request))
#16 /Users/muqtadirulmajid/Development/Laravel/poswebsite/server.php(21): require_once('/Users/muqtadir...')
#17 {main}
"} 
